This is pdfTeX, Version 3.14159265-2.6-1.40.17 (TeX Live 2016) (preloaded format=pdflatex 2016.6.13)  16 APR 2017 21:31
entering extended mode
 restricted \write18 enabled.
 %&-line parsing enabled.
**practica.tex
(./practica.tex
LaTeX2e <2016/03/31>
Babel <3.9r> and hyphenation patterns for 22 language(s) loaded.
(/usr/local/texlive/2016basic/texmf-dist/tex/latex/base/article.cls
Document Class: article 2014/09/29 v1.4h Standard LaTeX document class
(/usr/local/texlive/2016basic/texmf-dist/tex/latex/base/size10.clo
File: size10.clo 2014/09/29 v1.4h Standard LaTeX file (size option)
)
\c@part=\count79
\c@section=\count80
\c@subsection=\count81
\c@subsubsection=\count82
\c@paragraph=\count83
\c@subparagraph=\count84
\c@figure=\count85
\c@table=\count86
\abovecaptionskip=\skip41
\belowcaptionskip=\skip42
\bibindent=\dimen102
)
(/usr/local/texlive/2016basic/texmf-dist/tex/latex/base/inputenc.sty
Package: inputenc 2015/03/17 v1.2c Input encoding file
\inpenc@prehook=\toks14
\inpenc@posthook=\toks15

(/usr/local/texlive/2016basic/texmf-dist/tex/latex/base/utf8.def
File: utf8.def 2016/02/28 v1.1s UTF-8 support for inputenc
Now handling font encoding OML ...
... no UTF-8 mapping file for font encoding OML
Now handling font encoding T1 ...
... processing UTF-8 mapping file for font encoding T1

(/usr/local/texlive/2016basic/texmf-dist/tex/latex/base/t1enc.dfu
File: t1enc.dfu 2016/02/28 v1.1s UTF-8 support for inputenc
   defining Unicode char U+00A0 (decimal 160)
   defining Unicode char U+00A1 (decimal 161)
   defining Unicode char U+00A3 (decimal 163)
   defining Unicode char U+00AB (decimal 171)
   defining Unicode char U+00AD (decimal 173)
   defining Unicode char U+00BB (decimal 187)
   defining Unicode char U+00BF (decimal 191)
   defining Unicode char U+00C0 (decimal 192)
   defining Unicode char U+00C1 (decimal 193)
   defining Unicode char U+00C2 (decimal 194)
   defining Unicode char U+00C3 (decimal 195)
   defining Unicode char U+00C4 (decimal 196)
   defining Unicode char U+00C5 (decimal 197)
   defining Unicode char U+00C6 (decimal 198)
   defining Unicode char U+00C7 (decimal 199)
   defining Unicode char U+00C8 (decimal 200)
   defining Unicode char U+00C9 (decimal 201)
   defining Unicode char U+00CA (decimal 202)
   defining Unicode char U+00CB (decimal 203)
   defining Unicode char U+00CC (decimal 204)
   defining Unicode char U+00CD (decimal 205)
   defining Unicode char U+00CE (decimal 206)
   defining Unicode char U+00CF (decimal 207)
   defining Unicode char U+00D0 (decimal 208)
   defining Unicode char U+00D1 (decimal 209)
   defining Unicode char U+00D2 (decimal 210)
   defining Unicode char U+00D3 (decimal 211)
   defining Unicode char U+00D4 (decimal 212)
   defining Unicode char U+00D5 (decimal 213)
   defining Unicode char U+00D6 (decimal 214)
   defining Unicode char U+00D8 (decimal 216)
   defining Unicode char U+00D9 (decimal 217)
   defining Unicode char U+00DA (decimal 218)
   defining Unicode char U+00DB (decimal 219)
   defining Unicode char U+00DC (decimal 220)
   defining Unicode char U+00DD (decimal 221)
   defining Unicode char U+00DE (decimal 222)
   defining Unicode char U+00DF (decimal 223)
   defining Unicode char U+00E0 (decimal 224)
   defining Unicode char U+00E1 (decimal 225)
   defining Unicode char U+00E2 (decimal 226)
   defining Unicode char U+00E3 (decimal 227)
   defining Unicode char U+00E4 (decimal 228)
   defining Unicode char U+00E5 (decimal 229)
   defining Unicode char U+00E6 (decimal 230)
   defining Unicode char U+00E7 (decimal 231)
   defining Unicode char U+00E8 (decimal 232)
   defining Unicode char U+00E9 (decimal 233)
   defining Unicode char U+00EA (decimal 234)
   defining Unicode char U+00EB (decimal 235)
   defining Unicode char U+00EC (decimal 236)
   defining Unicode char U+00ED (decimal 237)
   defining Unicode char U+00EE (decimal 238)
   defining Unicode char U+00EF (decimal 239)
   defining Unicode char U+00F0 (decimal 240)
   defining Unicode char U+00F1 (decimal 241)
   defining Unicode char U+00F2 (decimal 242)
   defining Unicode char U+00F3 (decimal 243)
   defining Unicode char U+00F4 (decimal 244)
   defining Unicode char U+00F5 (decimal 245)
   defining Unicode char U+00F6 (decimal 246)
   defining Unicode char U+00F8 (decimal 248)
   defining Unicode char U+00F9 (decimal 249)
   defining Unicode char U+00FA (decimal 250)
   defining Unicode char U+00FB (decimal 251)
   defining Unicode char U+00FC (decimal 252)
   defining Unicode char U+00FD (decimal 253)
   defining Unicode char U+00FE (decimal 254)
   defining Unicode char U+00FF (decimal 255)
   defining Unicode char U+0100 (decimal 256)
   defining Unicode char U+0101 (decimal 257)
   defining Unicode char U+0102 (decimal 258)
   defining Unicode char U+0103 (decimal 259)
   defining Unicode char U+0104 (decimal 260)
   defining Unicode char U+0105 (decimal 261)
   defining Unicode char U+0106 (decimal 262)
   defining Unicode char U+0107 (decimal 263)
   defining Unicode char U+0108 (decimal 264)
   defining Unicode char U+0109 (decimal 265)
   defining Unicode char U+010A (decimal 266)
   defining Unicode char U+010B (decimal 267)
   defining Unicode char U+010C (decimal 268)
   defining Unicode char U+010D (decimal 269)
   defining Unicode char U+010E (decimal 270)
   defining Unicode char U+010F (decimal 271)
   defining Unicode char U+0110 (decimal 272)
   defining Unicode char U+0111 (decimal 273)
   defining Unicode char U+0112 (decimal 274)
   defining Unicode char U+0113 (decimal 275)
   defining Unicode char U+0114 (decimal 276)
   defining Unicode char U+0115 (decimal 277)
   defining Unicode char U+0116 (decimal 278)
   defining Unicode char U+0117 (decimal 279)
   defining Unicode char U+0118 (decimal 280)
   defining Unicode char U+0119 (decimal 281)
   defining Unicode char U+011A (decimal 282)
   defining Unicode char U+011B (decimal 283)
   defining Unicode char U+011C (decimal 284)
   defining Unicode char U+011D (decimal 285)
   defining Unicode char U+011E (decimal 286)
   defining Unicode char U+011F (decimal 287)
   defining Unicode char U+0120 (decimal 288)
   defining Unicode char U+0121 (decimal 289)
   defining Unicode char U+0122 (decimal 290)
   defining Unicode char U+0123 (decimal 291)
   defining Unicode char U+0124 (decimal 292)
   defining Unicode char U+0125 (decimal 293)
   defining Unicode char U+0128 (decimal 296)
   defining Unicode char U+0129 (decimal 297)
   defining Unicode char U+012A (decimal 298)
   defining Unicode char U+012B (decimal 299)
   defining Unicode char U+012C (decimal 300)
   defining Unicode char U+012D (decimal 301)
   defining Unicode char U+012E (decimal 302)
   defining Unicode char U+012F (decimal 303)
   defining Unicode char U+0130 (decimal 304)
   defining Unicode char U+0131 (decimal 305)
   defining Unicode char U+0132 (decimal 306)
   defining Unicode char U+0133 (decimal 307)
   defining Unicode char U+0134 (decimal 308)
   defining Unicode char U+0135 (decimal 309)
   defining Unicode char U+0136 (decimal 310)
   defining Unicode char U+0137 (decimal 311)
   defining Unicode char U+0139 (decimal 313)
   defining Unicode char U+013A (decimal 314)
   defining Unicode char U+013B (decimal 315)
   defining Unicode char U+013C (decimal 316)
   defining Unicode char U+013D (decimal 317)
   defining Unicode char U+013E (decimal 318)
   defining Unicode char U+0141 (decimal 321)
   defining Unicode char U+0142 (decimal 322)
   defining Unicode char U+0143 (decimal 323)
   defining Unicode char U+0144 (decimal 324)
   defining Unicode char U+0145 (decimal 325)
   defining Unicode char U+0146 (decimal 326)
   defining Unicode char U+0147 (decimal 327)
   defining Unicode char U+0148 (decimal 328)
   defining Unicode char U+014A (decimal 330)
   defining Unicode char U+014B (decimal 331)
   defining Unicode char U+014C (decimal 332)
   defining Unicode char U+014D (decimal 333)
   defining Unicode char U+014E (decimal 334)
   defining Unicode char U+014F (decimal 335)
   defining Unicode char U+0150 (decimal 336)
   defining Unicode char U+0151 (decimal 337)
   defining Unicode char U+0152 (decimal 338)
   defining Unicode char U+0153 (decimal 339)
   defining Unicode char U+0154 (decimal 340)
   defining Unicode char U+0155 (decimal 341)
   defining Unicode char U+0156 (decimal 342)
   defining Unicode char U+0157 (decimal 343)
   defining Unicode char U+0158 (decimal 344)
   defining Unicode char U+0159 (decimal 345)
   defining Unicode char U+015A (decimal 346)
   defining Unicode char U+015B (decimal 347)
   defining Unicode char U+015C (decimal 348)
   defining Unicode char U+015D (decimal 349)
   defining Unicode char U+015E (decimal 350)
   defining Unicode char U+015F (decimal 351)
   defining Unicode char U+0160 (decimal 352)
   defining Unicode char U+0161 (decimal 353)
   defining Unicode char U+0162 (decimal 354)
   defining Unicode char U+0163 (decimal 355)
   defining Unicode char U+0164 (decimal 356)
   defining Unicode char U+0165 (decimal 357)
   defining Unicode char U+0168 (decimal 360)
   defining Unicode char U+0169 (decimal 361)
   defining Unicode char U+016A (decimal 362)
   defining Unicode char U+016B (decimal 363)
   defining Unicode char U+016C (decimal 364)
   defining Unicode char U+016D (decimal 365)
   defining Unicode char U+016E (decimal 366)
   defining Unicode char U+016F (decimal 367)
   defining Unicode char U+0170 (decimal 368)
   defining Unicode char U+0171 (decimal 369)
   defining Unicode char U+0172 (decimal 370)
   defining Unicode char U+0173 (decimal 371)
   defining Unicode char U+0174 (decimal 372)
   defining Unicode char U+0175 (decimal 373)
   defining Unicode char U+0176 (decimal 374)
   defining Unicode char U+0177 (decimal 375)
   defining Unicode char U+0178 (decimal 376)
   defining Unicode char U+0179 (decimal 377)
   defining Unicode char U+017A (decimal 378)
   defining Unicode char U+017B (decimal 379)
   defining Unicode char U+017C (decimal 380)
   defining Unicode char U+017D (decimal 381)
   defining Unicode char U+017E (decimal 382)
   defining Unicode char U+01CD (decimal 461)
   defining Unicode char U+01CE (decimal 462)
   defining Unicode char U+01CF (decimal 463)
   defining Unicode char U+01D0 (decimal 464)
   defining Unicode char U+01D1 (decimal 465)
   defining Unicode char U+01D2 (decimal 466)
   defining Unicode char U+01D3 (decimal 467)
   defining Unicode char U+01D4 (decimal 468)
   defining Unicode char U+01E2 (decimal 482)
   defining Unicode char U+01E3 (decimal 483)
   defining Unicode char U+01E6 (decimal 486)
   defining Unicode char U+01E7 (decimal 487)
   defining Unicode char U+01E8 (decimal 488)
   defining Unicode char U+01E9 (decimal 489)
   defining Unicode char U+01EA (decimal 490)
   defining Unicode char U+01EB (decimal 491)
   defining Unicode char U+01F0 (decimal 496)
   defining Unicode char U+01F4 (decimal 500)
   defining Unicode char U+01F5 (decimal 501)
   defining Unicode char U+0218 (decimal 536)
   defining Unicode char U+0219 (decimal 537)
   defining Unicode char U+021A (decimal 538)
   defining Unicode char U+021B (decimal 539)
   defining Unicode char U+1E02 (decimal 7682)
   defining Unicode char U+1E03 (decimal 7683)
   defining Unicode char U+200C (decimal 8204)
   defining Unicode char U+2010 (decimal 8208)
   defining Unicode char U+2011 (decimal 8209)
   defining Unicode char U+2012 (decimal 8210)
   defining Unicode char U+2013 (decimal 8211)
   defining Unicode char U+2014 (decimal 8212)
   defining Unicode char U+2015 (decimal 8213)
   defining Unicode char U+2018 (decimal 8216)
   defining Unicode char U+2019 (decimal 8217)
   defining Unicode char U+201A (decimal 8218)
   defining Unicode char U+201C (decimal 8220)
   defining Unicode char U+201D (decimal 8221)
   defining Unicode char U+201E (decimal 8222)
   defining Unicode char U+2030 (decimal 8240)
   defining Unicode char U+2031 (decimal 8241)
   defining Unicode char U+2039 (decimal 8249)
   defining Unicode char U+203A (decimal 8250)
   defining Unicode char U+2423 (decimal 9251)
)
Now handling font encoding OT1 ...
... processing UTF-8 mapping file for font encoding OT1

(/usr/local/texlive/2016basic/texmf-dist/tex/latex/base/ot1enc.dfu
File: ot1enc.dfu 2016/02/28 v1.1s UTF-8 support for inputenc
   defining Unicode char U+00A0 (decimal 160)
   defining Unicode char U+00A1 (decimal 161)
   defining Unicode char U+00A3 (decimal 163)
   defining Unicode char U+00AD (decimal 173)
   defining Unicode char U+00B8 (decimal 184)
   defining Unicode char U+00BF (decimal 191)
   defining Unicode char U+00C5 (decimal 197)
   defining Unicode char U+00C6 (decimal 198)
   defining Unicode char U+00D8 (decimal 216)
   defining Unicode char U+00DF (decimal 223)
   defining Unicode char U+00E6 (decimal 230)
   defining Unicode char U+00EC (decimal 236)
   defining Unicode char U+00ED (decimal 237)
   defining Unicode char U+00EE (decimal 238)
   defining Unicode char U+00EF (decimal 239)
   defining Unicode char U+00F8 (decimal 248)
   defining Unicode char U+0131 (decimal 305)
   defining Unicode char U+0141 (decimal 321)
   defining Unicode char U+0142 (decimal 322)
   defining Unicode char U+0152 (decimal 338)
   defining Unicode char U+0153 (decimal 339)
   defining Unicode char U+0174 (decimal 372)
   defining Unicode char U+0175 (decimal 373)
   defining Unicode char U+0176 (decimal 374)
   defining Unicode char U+0177 (decimal 375)
   defining Unicode char U+0218 (decimal 536)
   defining Unicode char U+0219 (decimal 537)
   defining Unicode char U+021A (decimal 538)
   defining Unicode char U+021B (decimal 539)
   defining Unicode char U+2013 (decimal 8211)
   defining Unicode char U+2014 (decimal 8212)
   defining Unicode char U+2018 (decimal 8216)
   defining Unicode char U+2019 (decimal 8217)
   defining Unicode char U+201C (decimal 8220)
   defining Unicode char U+201D (decimal 8221)
)
Now handling font encoding OMS ...
... processing UTF-8 mapping file for font encoding OMS

(/usr/local/texlive/2016basic/texmf-dist/tex/latex/base/omsenc.dfu
File: omsenc.dfu 2016/02/28 v1.1s UTF-8 support for inputenc
   defining Unicode char U+00A7 (decimal 167)
   defining Unicode char U+00B6 (decimal 182)
   defining Unicode char U+00B7 (decimal 183)
   defining Unicode char U+2020 (decimal 8224)
   defining Unicode char U+2021 (decimal 8225)
   defining Unicode char U+2022 (decimal 8226)
)
Now handling font encoding OMX ...
... no UTF-8 mapping file for font encoding OMX
Now handling font encoding U ...
... no UTF-8 mapping file for font encoding U
   defining Unicode char U+00A9 (decimal 169)
   defining Unicode char U+00AA (decimal 170)
   defining Unicode char U+00AE (decimal 174)
   defining Unicode char U+00BA (decimal 186)
   defining Unicode char U+02C6 (decimal 710)
   defining Unicode char U+02DC (decimal 732)
   defining Unicode char U+200C (decimal 8204)
   defining Unicode char U+2026 (decimal 8230)
   defining Unicode char U+2122 (decimal 8482)
   defining Unicode char U+2423 (decimal 9251)
))
(/usr/local/texlive/2016basic/texmf-dist/tex/generic/babel/babel.sty
Package: babel 2016/04/23 3.9r The Babel package

(/usr/local/texlive/2016basic/texmf-dist/tex/generic/babel-spanish/spanish.ldf
Language: spanish.ldf 2016/03/03 v5.0p Spanish support from the babel system

(/usr/local/texlive/2016basic/texmf-dist/tex/generic/babel/babel.def
File: babel.def 2016/04/23 3.9r Babel common definitions
\babel@savecnt=\count87
\U@D=\dimen103
)
\es@quottoks=\toks16
\es@quotdepth=\count88
Package babel Info: Making " an active character on input line 561.
Package babel Info: Making . an active character on input line 662.
Package babel Info: Making < an active character on input line 707.
Package babel Info: Making > an active character on input line 707.
))
(/usr/local/texlive/2016basic/texmf-dist/tex/latex/listings/listings.sty
(/usr/local/texlive/2016basic/texmf-dist/tex/latex/graphics/keyval.sty
Package: keyval 2014/10/28 v1.15 key=value parser (DPC)
\KV@toks@=\toks17
)
\lst@mode=\count89
\lst@gtempboxa=\box26
\lst@token=\toks18
\lst@length=\count90
\lst@currlwidth=\dimen104
\lst@column=\count91
\lst@pos=\count92
\lst@lostspace=\dimen105
\lst@width=\dimen106
\lst@newlines=\count93
\lst@lineno=\count94
\lst@maxwidth=\dimen107

(/usr/local/texlive/2016basic/texmf-dist/tex/latex/listings/lstmisc.sty
File: lstmisc.sty 2015/06/04 1.6 (Carsten Heinz)
\c@lstnumber=\count95
\lst@skipnumbers=\count96
\lst@framebox=\box27
)
(/usr/local/texlive/2016basic/texmf-dist/tex/latex/listings/listings.cfg
File: listings.cfg 2015/06/04 1.6 listings configuration
))
Package: listings 2015/06/04 1.6 (Carsten Heinz)

(/usr/local/texlive/2016basic/texmf-dist/tex/latex/graphics/graphicx.sty
Package: graphicx 2014/10/28 v1.0g Enhanced LaTeX Graphics (DPC,SPQR)

(/usr/local/texlive/2016basic/texmf-dist/tex/latex/graphics/graphics.sty
Package: graphics 2016/05/09 v1.0r Standard LaTeX Graphics (DPC,SPQR)

(/usr/local/texlive/2016basic/texmf-dist/tex/latex/graphics/trig.sty
Package: trig 2016/01/03 v1.10 sin cos tan (DPC)
)
(/usr/local/texlive/2016basic/texmf-dist/tex/latex/graphics-cfg/graphics.cfg
File: graphics.cfg 2016/01/02 v1.10 sample graphics configuration
)
Package graphics Info: Driver file: pdftex.def on input line 96.

(/usr/local/texlive/2016basic/texmf-dist/tex/latex/pdftex-def/pdftex.def
File: pdftex.def 2011/05/27 v0.06d Graphics/color for pdfTeX

(/usr/local/texlive/2016basic/texmf-dist/tex/generic/oberdiek/infwarerr.sty
Package: infwarerr 2016/05/16 v1.4 Providing info/warning/error messages (HO)
)
(/usr/local/texlive/2016basic/texmf-dist/tex/generic/oberdiek/ltxcmds.sty
Package: ltxcmds 2016/05/16 v1.23 LaTeX kernel commands for general use (HO)
)
\Gread@gobject=\count97
))
\Gin@req@height=\dimen108
\Gin@req@width=\dimen109
)
(/usr/local/texlive/2016basic/texmf-dist/tex/latex/geometry/geometry.sty
Package: geometry 2010/09/12 v5.6 Page Geometry

(/usr/local/texlive/2016basic/texmf-dist/tex/generic/oberdiek/ifpdf.sty
Package: ifpdf 2016/05/14 v3.1 Provides the ifpdf switch
)
(/usr/local/texlive/2016basic/texmf-dist/tex/generic/oberdiek/ifvtex.sty
Package: ifvtex 2016/05/16 v1.6 Detect VTeX and its facilities (HO)
Package ifvtex Info: VTeX not detected.
)
(/usr/local/texlive/2016basic/texmf-dist/tex/generic/ifxetex/ifxetex.sty
Package: ifxetex 2010/09/12 v0.6 Provides ifxetex conditional
)
\Gm@cnth=\count98
\Gm@cntv=\count99
\c@Gm@tempcnt=\count100
\Gm@bindingoffset=\dimen110
\Gm@wd@mp=\dimen111
\Gm@odd@mp=\dimen112
\Gm@even@mp=\dimen113
\Gm@layoutwidth=\dimen114
\Gm@layoutheight=\dimen115
\Gm@layouthoffset=\dimen116
\Gm@layoutvoffset=\dimen117
\Gm@dimlist=\toks19
)
(/usr/local/texlive/2016basic/texmf-dist/tex/latex/graphics/color.sty
Package: color 2016/05/09 v1.1c Standard LaTeX Color (DPC)

(/usr/local/texlive/2016basic/texmf-dist/tex/latex/graphics-cfg/color.cfg
File: color.cfg 2016/01/02 v1.6 sample color configuration
)
Package color Info: Driver file: pdftex.def on input line 144.
)
(/usr/local/texlive/2016basic/texmf-dist/tex/latex/listings/lstlang1.sty
File: lstlang1.sty 2015/06/04 1.6 listings language file
)
(./practica.aux
LaTeX Info: Redefining \. on input line 6.
LaTeX Info: Redefining \% on input line 6.
)
\openout1 = `practica.aux'.

LaTeX Font Info:    Checking defaults for OML/cmm/m/it on input line 34.
LaTeX Font Info:    ... okay on input line 34.
LaTeX Font Info:    Checking defaults for T1/cmr/m/n on input line 34.
LaTeX Font Info:    ... okay on input line 34.
LaTeX Font Info:    Checking defaults for OT1/cmr/m/n on input line 34.
LaTeX Font Info:    ... okay on input line 34.
LaTeX Font Info:    Checking defaults for OMS/cmsy/m/n on input line 34.
LaTeX Font Info:    ... okay on input line 34.
LaTeX Font Info:    Checking defaults for OMX/cmex/m/n on input line 34.
LaTeX Font Info:    ... okay on input line 34.
LaTeX Font Info:    Checking defaults for U/cmr/m/n on input line 34.
LaTeX Font Info:    ... okay on input line 34.
LaTeX Info: Redefining \. on input line 34.
LaTeX Info: Redefining \% on input line 34.
\c@lstlisting=\count101

(/usr/local/texlive/2016basic/texmf-dist/tex/context/base/mkii/supp-pdf.mkii
[Loading MPS to PDF converter (version 2006.09.02).]
\scratchcounter=\count102
\scratchdimen=\dimen118
\scratchbox=\box28
\nofMPsegments=\count103
\nofMParguments=\count104
\everyMPshowfont=\toks20
\MPscratchCnt=\count105
\MPscratchDim=\dimen119
\MPnumerator=\count106
\makeMPintoPDFobject=\count107
\everyMPtoPDFconversion=\toks21
) (/usr/local/texlive/2016basic/texmf-dist/tex/generic/oberdiek/pdftexcmds.sty
Package: pdftexcmds 2016/05/10 v0.21 Utility functions of pdfTeX for LuaTeX (HO
)

(/usr/local/texlive/2016basic/texmf-dist/tex/generic/oberdiek/ifluatex.sty
Package: ifluatex 2016/05/16 v1.4 Provides the ifluatex switch (HO)
Package ifluatex Info: LuaTeX not detected.
)
Package pdftexcmds Info: LuaTeX not detected.
Package pdftexcmds Info: \pdf@primitive is available.
Package pdftexcmds Info: \pdf@ifprimitive is available.
Package pdftexcmds Info: \pdfdraftmode found.
)
(/usr/local/texlive/2016basic/texmf-dist/tex/latex/oberdiek/epstopdf-base.sty
Package: epstopdf-base 2016/05/15 v2.6 Base part for package epstopdf

(/usr/local/texlive/2016basic/texmf-dist/tex/latex/oberdiek/grfext.sty
Package: grfext 2016/05/16 v1.2 Manage graphics extensions (HO)

(/usr/local/texlive/2016basic/texmf-dist/tex/generic/oberdiek/kvdefinekeys.sty
Package: kvdefinekeys 2016/05/16 v1.4 Define keys (HO)
)) (/usr/local/texlive/2016basic/texmf-dist/tex/latex/oberdiek/kvoptions.sty
Package: kvoptions 2016/05/16 v3.12 Key value format for package options (HO)

(/usr/local/texlive/2016basic/texmf-dist/tex/generic/oberdiek/kvsetkeys.sty
Package: kvsetkeys 2016/05/16 v1.17 Key value parser (HO)

(/usr/local/texlive/2016basic/texmf-dist/tex/generic/oberdiek/etexcmds.sty
Package: etexcmds 2016/05/16 v1.6 Avoid name clashes with e-TeX commands (HO)
Package etexcmds Info: Could not find \expanded.
(etexcmds)             That can mean that you are not using pdfTeX 1.50 or
(etexcmds)             that some package has redefined \expanded.
(etexcmds)             In the latter case, load this package earlier.
)))
Package grfext Info: Graphics extension search list:
(grfext)             [.png,.pdf,.jpg,.mps,.jpeg,.jbig2,.jb2,.PNG,.PDF,.JPG,.JPE
G,.JBIG2,.JB2,.eps]
(grfext)             \AppendGraphicsExtensions on input line 456.

(/usr/local/texlive/2016basic/texmf-dist/tex/latex/latexconfig/epstopdf-sys.cfg
File: epstopdf-sys.cfg 2010/07/13 v1.3 Configuration of (r)epstopdf for TeX Liv
e
))
*geometry* driver: auto-detecting
*geometry* detected driver: pdftex
*geometry* verbose mode - [ preamble ] result:
* driver: pdftex
* paper: <default>
* layout: <same size as paper>
* layoutoffset:(h,v)=(0.0pt,0.0pt)
* modes: 
* h-part:(L,W,R)=(56.9055pt, 500.484pt, 56.9055pt)
* v-part:(T,H,B)=(56.9055pt, 681.15898pt, 56.9055pt)
* \paperwidth=614.295pt
* \paperheight=794.96999pt
* \textwidth=500.484pt
* \textheight=681.15898pt
* \oddsidemargin=-15.36449pt
* \evensidemargin=-15.36449pt
* \topmargin=-52.36449pt
* \headheight=12.0pt
* \headsep=25.0pt
* \topskip=10.0pt
* \footskip=30.0pt
* \marginparwidth=65.0pt
* \marginparsep=11.0pt
* \columnsep=10.0pt
* \skip\footins=9.0pt plus 4.0pt minus 2.0pt
* \hoffset=0.0pt
* \voffset=0.0pt
* \mag=1000
* \@twocolumnfalse
* \@twosidefalse
* \@mparswitchfalse
* \@reversemarginfalse
* (1in=72.27pt=25.4mm, 1cm=28.453pt)

LaTeX Font Info:    External font `cmex10' loaded for size
(Font)              <12> on input line 39.
LaTeX Font Info:    External font `cmex10' loaded for size
(Font)              <8> on input line 39.
LaTeX Font Info:    External font `cmex10' loaded for size
(Font)              <6> on input line 39.
(./practica.toc
LaTeX Info: Redefining \. on input line 1.
LaTeX Info: Redefining \% on input line 1.
LaTeX Font Info:    External font `cmex10' loaded for size
(Font)              <7> on input line 4.
LaTeX Font Info:    External font `cmex10' loaded for size
(Font)              <5> on input line 4.
 [1

{/usr/local/texlive/2016basic/texmf-var/fonts/map/pdftex/updmap/pdftex.map}])
\tf@toc=\write3
\openout3 = `practica.toc'.

 (./practica.lof
LaTeX Info: Redefining \. on input line 1.
LaTeX Info: Redefining \% on input line 1.
 [2])
\tf@lof=\write4
\openout4 = `practica.lof'.


<bola.png, id=17, 359.54324pt x 313.77225pt>
File: bola.png Graphic file (type png)
 <use bola.png>
Package pdftex.def Info: bola.png used on input line 54.
(pdftex.def)             Requested size: 250.24199pt x 218.38945pt.
 [3]
Package epstopdf Info: Source file: <practica2_ex1.eps>
(epstopdf)                    date: 2017-04-06 17:33:53
(epstopdf)                    size: 18893 bytes
(epstopdf)             Output file: <practica2_ex1-eps-converted-to.pdf>
(epstopdf)                    date: 2017-04-07 19:44:10
(epstopdf)                    size: 3907 bytes
(epstopdf)             Command: <repstopdf --outfile=practica2_ex1-eps-converte
d-to.pdf practica2_ex1.eps>
(epstopdf)             \includegraphics on input line 79.
Package epstopdf Info: Output file is already uptodate.

<practica2_ex1-eps-converted-to.pdf, id=22, 1107.13625pt x 592.2125pt>
File: practica2_ex1-eps-converted-to.pdf Graphic file (type pdf)

<use practica2_ex1-eps-converted-to.pdf>
Package pdftex.def Info: practica2_ex1-eps-converted-to.pdf used on input line 
79.
(pdftex.def)             Requested size: 400.38872pt x 214.16322pt.
 [4 <./bola.png>]
Package epstopdf Info: Source file: <practica2_ex2.eps>
(epstopdf)                    date: 2017-04-06 17:50:13
(epstopdf)                    size: 99622 bytes
(epstopdf)             Output file: <practica2_ex2-eps-converted-to.pdf>
(epstopdf)                    date: 2017-04-10 13:01:50
(epstopdf)                    size: 30968 bytes
(epstopdf)             Command: <repstopdf --outfile=practica2_ex2-eps-converte
d-to.pdf practica2_ex2.eps>
(epstopdf)             \includegraphics on input line 94.
Package epstopdf Info: Output file is already uptodate.

<practica2_ex2-eps-converted-to.pdf, id=28, 421.575pt x 316.18124pt>
File: practica2_ex2-eps-converted-to.pdf Graphic file (type pdf)

<use practica2_ex2-eps-converted-to.pdf>
Package pdftex.def Info: practica2_ex2-eps-converted-to.pdf used on input line 
94.
(pdftex.def)             Requested size: 400.38872pt x 300.2981pt.
Package epstopdf Info: Source file: <practica2_ex4.eps>
(epstopdf)                    date: 2017-04-06 17:50:27
(epstopdf)                    size: 99622 bytes
(epstopdf)             Output file: <practica2_ex4-eps-converted-to.pdf>
(epstopdf)                    date: 2017-04-07 19:44:13
(epstopdf)                    size: 30968 bytes
(epstopdf)             Command: <repstopdf --outfile=practica2_ex4-eps-converte
d-to.pdf practica2_ex4.eps>
(epstopdf)             \includegraphics on input line 127.
Package epstopdf Info: Output file is already uptodate.

<practica2_ex4-eps-converted-to.pdf, id=29, 421.575pt x 316.18124pt>
File: practica2_ex4-eps-converted-to.pdf Graphic file (type pdf)

<use practica2_ex4-eps-converted-to.pdf>
Package pdftex.def Info: practica2_ex4-eps-converted-to.pdf used on input line 
127.
(pdftex.def)             Requested size: 400.38872pt x 300.2981pt.
 [5 <./practica2_ex1-eps-converted-to.pdf>] [6 <./practica2_ex2-eps-converted-t
o.pdf>] [7 <./practica2_ex4-eps-converted-to.pdf>]
Package epstopdf Info: Source file: <practica3_ex1.eps>
(epstopdf)                    date: 2017-04-15 17:21:52
(epstopdf)                    size: 5408999 bytes
(epstopdf)             Output file: <practica3_ex1-eps-converted-to.pdf>
(epstopdf)                    date: 2017-04-15 17:23:16
(epstopdf)                    size: 337951 bytes
(epstopdf)             Command: <repstopdf --outfile=practica3_ex1-eps-converte
d-to.pdf practica3_ex1.eps>
(epstopdf)             \includegraphics on input line 202.
Package epstopdf Info: Output file is already uptodate.

<practica3_ex1-eps-converted-to.pdf, id=62, 533.995pt x 443.6575pt>
File: practica3_ex1-eps-converted-to.pdf Graphic file (type pdf)

<use practica3_ex1-eps-converted-to.pdf>
Package pdftex.def Info: practica3_ex1-eps-converted-to.pdf used on input line 
202.
(pdftex.def)             Requested size: 400.38872pt x 332.66783pt.
 [8] [9 <./practica3_ex1-eps-converted-to.pdf>] [10] [11] [12] [13] [14] [15]
Package epstopdf Info: Source file: <lab4_b_5_1.eps>
(epstopdf)                    date: 2017-04-15 19:03:57
(epstopdf)                    size: 4866487 bytes
(epstopdf)             Output file: <lab4_b_5_1-eps-converted-to.pdf>
(epstopdf)                    date: 2017-04-15 19:10:08
(epstopdf)                    size: 238147 bytes
(epstopdf)             Command: <repstopdf --outfile=lab4_b_5_1-eps-converted-t
o.pdf lab4_b_5_1.eps>
(epstopdf)             \includegraphics on input line 596.
Package epstopdf Info: Output file is already uptodate.

<lab4_b_5_1-eps-converted-to.pdf, id=652, 1850.915pt x 1021.8175pt>
File: lab4_b_5_1-eps-converted-to.pdf Graphic file (type pdf)

<use lab4_b_5_1-eps-converted-to.pdf>
Package pdftex.def Info: lab4_b_5_1-eps-converted-to.pdf used on input line 596
.
(pdftex.def)             Requested size: 400.38872pt x 221.02736pt.
Package epstopdf Info: Source file: <lab4_b_5_2.eps>
(epstopdf)                    date: 2017-04-15 19:04:44
(epstopdf)                    size: 17932706 bytes
(epstopdf)             Output file: <lab4_b_5_2-eps-converted-to.pdf>
(epstopdf)                    date: 2017-04-15 19:10:14
(epstopdf)                    size: 346584 bytes
(epstopdf)             Command: <repstopdf --outfile=lab4_b_5_2-eps-converted-t
o.pdf lab4_b_5_2.eps>
(epstopdf)             \includegraphics on input line 603.
Package epstopdf Info: Output file is already uptodate.

<lab4_b_5_2-eps-converted-to.pdf, id=653, 1850.915pt x 1021.8175pt>
File: lab4_b_5_2-eps-converted-to.pdf Graphic file (type pdf)

<use lab4_b_5_2-eps-converted-to.pdf>
Package pdftex.def Info: lab4_b_5_2-eps-converted-to.pdf used on input line 603
.
(pdftex.def)             Requested size: 400.38872pt x 221.02736pt.
Package epstopdf Info: Source file: <lab4_b_5_3.eps>
(epstopdf)                    date: 2017-04-15 18:58:55
(epstopdf)                    size: 15203938 bytes
(epstopdf)             Output file: <lab4_b_5_3-eps-converted-to.pdf>
(epstopdf)                    date: 2017-04-15 19:10:19
(epstopdf)                    size: 356660 bytes
(epstopdf)             Command: <repstopdf --outfile=lab4_b_5_3-eps-converted-t
o.pdf lab4_b_5_3.eps>
(epstopdf)             \includegraphics on input line 610.
Package epstopdf Info: Output file is already uptodate.

<lab4_b_5_3-eps-converted-to.pdf, id=654, 1850.915pt x 1021.8175pt>
File: lab4_b_5_3-eps-converted-to.pdf Graphic file (type pdf)

<use lab4_b_5_3-eps-converted-to.pdf>
Package pdftex.def Info: lab4_b_5_3-eps-converted-to.pdf used on input line 610
.
(pdftex.def)             Requested size: 400.38872pt x 221.02736pt.


LaTeX Warning: No positions in optional float specifier.
               Default added (so using `tbp') on input line 616.


LaTeX Warning: No positions in optional float specifier.
               Default added (so using `tbp') on input line 630.

[16 <./lab4_b_5_1-eps-converted-to.pdf>]
Package epstopdf Info: Source file: <lab4_DH.eps>
(epstopdf)                    date: 2017-04-16 14:16:09
(epstopdf)                    size: 48813217 bytes
(epstopdf)             Output file: <lab4_DH-eps-converted-to.pdf>
(epstopdf)                    date: 2017-04-16 14:41:28
(epstopdf)                    size: 846262 bytes
(epstopdf)             Command: <repstopdf --outfile=lab4_DH-eps-converted-to.p
df lab4_DH.eps>
(epstopdf)             \includegraphics on input line 670.
Package epstopdf Info: Output file is already uptodate.

<lab4_DH-eps-converted-to.pdf, id=1009, 1480.53125pt x 809.0225pt>
File: lab4_DH-eps-converted-to.pdf Graphic file (type pdf)

<use lab4_DH-eps-converted-to.pdf>
Package pdftex.def Info: lab4_DH-eps-converted-to.pdf used on input line 670.
(pdftex.def)             Requested size: 400.38872pt x 218.78465pt.
 [17 <./lab4_b_5_2-eps-converted-to.pdf>]
[18 <./lab4_b_5_3-eps-converted-to.pdf> <./lab4_DH-eps-converted-to.pdf>]
Package epstopdf Info: Source file: <puma000.eps>
(epstopdf)                    date: 2017-04-15 20:28:32
(epstopdf)                    size: 1298109 bytes
(epstopdf)             Output file: <puma000-eps-converted-to.pdf>
(epstopdf)                    date: 2017-04-15 20:34:40
(epstopdf)                    size: 337031 bytes
(epstopdf)             Command: <repstopdf --outfile=puma000-eps-converted-to.p
df puma000.eps>
(epstopdf)             \includegraphics on input line 722.
Package epstopdf Info: Output file is already uptodate.

<puma000-eps-converted-to.pdf, id=2881, 497.86pt x 433.62pt>
File: puma000-eps-converted-to.pdf Graphic file (type pdf)

<use puma000-eps-converted-to.pdf>
Package pdftex.def Info: puma000-eps-converted-to.pdf used on input line 722.
(pdftex.def)             Requested size: 250.24199pt x 217.95412pt.
Package epstopdf Info: Source file: <puma002.eps>
(epstopdf)                    date: 2017-04-15 20:28:34
(epstopdf)                    size: 1296965 bytes
(epstopdf)             Output file: <puma002-eps-converted-to.pdf>
(epstopdf)                    date: 2017-04-15 20:34:43
(epstopdf)                    size: 335744 bytes
(epstopdf)             Command: <repstopdf --outfile=puma002-eps-converted-to.p
df puma002.eps>
(epstopdf)             \includegraphics on input line 729.
Package epstopdf Info: Output file is already uptodate.

<puma002-eps-converted-to.pdf, id=2882, 497.86pt x 433.62pt>
File: puma002-eps-converted-to.pdf Graphic file (type pdf)

<use puma002-eps-converted-to.pdf>
Package pdftex.def Info: puma002-eps-converted-to.pdf used on input line 729.
(pdftex.def)             Requested size: 250.24199pt x 217.95412pt.
Package epstopdf Info: Source file: <puma020.eps>
(epstopdf)                    date: 2017-04-15 20:28:35
(epstopdf)                    size: 1006070 bytes
(epstopdf)             Output file: <puma020-eps-converted-to.pdf>
(epstopdf)                    date: 2017-04-15 20:34:45
(epstopdf)                    size: 288763 bytes
(epstopdf)             Command: <repstopdf --outfile=puma020-eps-converted-to.p
df puma020.eps>
(epstopdf)             \includegraphics on input line 736.
Package epstopdf Info: Output file is already uptodate.

<puma020-eps-converted-to.pdf, id=2883, 497.86pt x 433.62pt>
File: puma020-eps-converted-to.pdf Graphic file (type pdf)

<use puma020-eps-converted-to.pdf>
Package pdftex.def Info: puma020-eps-converted-to.pdf used on input line 736.
(pdftex.def)             Requested size: 250.24199pt x 217.95412pt.
Package epstopdf Info: Source file: <puma022.eps>
(epstopdf)                    date: 2017-04-15 20:28:37
(epstopdf)                    size: 1003542 bytes
(epstopdf)             Output file: <puma022-eps-converted-to.pdf>
(epstopdf)                    date: 2017-04-15 20:34:47
(epstopdf)                    size: 284464 bytes
(epstopdf)             Command: <repstopdf --outfile=puma022-eps-converted-to.p
df puma022.eps>
(epstopdf)             \includegraphics on input line 743.
Package epstopdf Info: Output file is already uptodate.

<puma022-eps-converted-to.pdf, id=2884, 497.86pt x 433.62pt>
File: puma022-eps-converted-to.pdf Graphic file (type pdf)

<use puma022-eps-converted-to.pdf>
Package pdftex.def Info: puma022-eps-converted-to.pdf used on input line 743.
(pdftex.def)             Requested size: 250.24199pt x 217.95412pt.
Package epstopdf Info: Source file: <puma200.eps>
(epstopdf)                    date: 2017-04-15 20:28:39
(epstopdf)                    size: 1035611 bytes
(epstopdf)             Output file: <puma200-eps-converted-to.pdf>
(epstopdf)                    date: 2017-04-15 20:34:49
(epstopdf)                    size: 301902 bytes
(epstopdf)             Command: <repstopdf --outfile=puma200-eps-converted-to.p
df puma200.eps>
(epstopdf)             \includegraphics on input line 750.
Package epstopdf Info: Output file is already uptodate.

<puma200-eps-converted-to.pdf, id=2885, 497.86pt x 433.62pt>
File: puma200-eps-converted-to.pdf Graphic file (type pdf)

<use puma200-eps-converted-to.pdf>
Package pdftex.def Info: puma200-eps-converted-to.pdf used on input line 750.
(pdftex.def)             Requested size: 250.24199pt x 217.95412pt.
Package epstopdf Info: Source file: <puma202.eps>
(epstopdf)                    date: 2017-04-15 20:28:40
(epstopdf)                    size: 1031817 bytes
(epstopdf)             Output file: <puma202-eps-converted-to.pdf>
(epstopdf)                    date: 2017-04-15 20:34:51
(epstopdf)                    size: 298251 bytes
(epstopdf)             Command: <repstopdf --outfile=puma202-eps-converted-to.p
df puma202.eps>
(epstopdf)             \includegraphics on input line 757.
Package epstopdf Info: Output file is already uptodate.

<puma202-eps-converted-to.pdf, id=2886, 497.86pt x 433.62pt>
File: puma202-eps-converted-to.pdf Graphic file (type pdf)

<use puma202-eps-converted-to.pdf>
Package pdftex.def Info: puma202-eps-converted-to.pdf used on input line 757.
(pdftex.def)             Requested size: 250.24199pt x 217.95412pt.
Package epstopdf Info: Source file: <puma220.eps>
(epstopdf)                    date: 2017-04-15 20:28:42
(epstopdf)                    size: 1283245 bytes
(epstopdf)             Output file: <puma220-eps-converted-to.pdf>
(epstopdf)                    date: 2017-04-15 20:34:53
(epstopdf)                    size: 318690 bytes
(epstopdf)             Command: <repstopdf --outfile=puma220-eps-converted-to.p
df puma220.eps>
(epstopdf)             \includegraphics on input line 764.
Package epstopdf Info: Output file is already uptodate.

<puma220-eps-converted-to.pdf, id=2887, 497.86pt x 433.62pt>
File: puma220-eps-converted-to.pdf Graphic file (type pdf)

<use puma220-eps-converted-to.pdf>
Package pdftex.def Info: puma220-eps-converted-to.pdf used on input line 764.
(pdftex.def)             Requested size: 250.24199pt x 217.95412pt.
Package epstopdf Info: Source file: <puma222.eps>
(epstopdf)                    date: 2017-04-15 20:28:43
(epstopdf)                    size: 1285343 bytes
(epstopdf)             Output file: <puma222-eps-converted-to.pdf>
(epstopdf)                    date: 2017-04-15 20:34:55
(epstopdf)                    size: 319232 bytes
(epstopdf)             Command: <repstopdf --outfile=puma222-eps-converted-to.p
df puma222.eps>
(epstopdf)             \includegraphics on input line 771.
Package epstopdf Info: Output file is already uptodate.

<puma222-eps-converted-to.pdf, id=2888, 497.86pt x 433.62pt>
File: puma222-eps-converted-to.pdf Graphic file (type pdf)

<use puma222-eps-converted-to.pdf>
Package pdftex.def Info: puma222-eps-converted-to.pdf used on input line 771.
(pdftex.def)             Requested size: 250.24199pt x 217.95412pt.
Package epstopdf Info: Source file: <pumaDos000.eps>
(epstopdf)                    date: 2017-04-15 20:30:10
(epstopdf)                    size: 1027580 bytes
(epstopdf)             Output file: <pumaDos000-eps-converted-to.pdf>
(epstopdf)                    date: 2017-04-15 20:42:06
(epstopdf)                    size: 272493 bytes
(epstopdf)             Command: <repstopdf --outfile=pumaDos000-eps-converted-t
o.pdf pumaDos000.eps>
(epstopdf)             \includegraphics on input line 784.
Package epstopdf Info: Output file is already uptodate.

<pumaDos000-eps-converted-to.pdf, id=2889, 497.86pt x 433.62pt>
File: pumaDos000-eps-converted-to.pdf Graphic file (type pdf)

<use pumaDos000-eps-converted-to.pdf>
Package pdftex.def Info: pumaDos000-eps-converted-to.pdf used on input line 784
.
(pdftex.def)             Requested size: 250.24199pt x 217.95412pt.
Package epstopdf Info: Source file: <pumaDos002.eps>
(epstopdf)                    date: 2017-04-15 20:30:12
(epstopdf)                    size: 1029684 bytes
(epstopdf)             Output file: <pumaDos002-eps-converted-to.pdf>
(epstopdf)                    date: 2017-04-15 20:42:08
(epstopdf)                    size: 273459 bytes
(epstopdf)             Command: <repstopdf --outfile=pumaDos002-eps-converted-t
o.pdf pumaDos002.eps>
(epstopdf)             \includegraphics on input line 791.
Package epstopdf Info: Output file is already uptodate.

<pumaDos002-eps-converted-to.pdf, id=2890, 497.86pt x 433.62pt>
File: pumaDos002-eps-converted-to.pdf Graphic file (type pdf)

<use pumaDos002-eps-converted-to.pdf>
Package pdftex.def Info: pumaDos002-eps-converted-to.pdf used on input line 791
.
(pdftex.def)             Requested size: 250.24199pt x 217.95412pt.
Package epstopdf Info: Source file: <pumaDos020.eps>
(epstopdf)                    date: 2017-04-15 20:30:14
(epstopdf)                    size: 1054940 bytes
(epstopdf)             Output file: <pumaDos020-eps-converted-to.pdf>
(epstopdf)                    date: 2017-04-15 20:42:10
(epstopdf)                    size: 289467 bytes
(epstopdf)             Command: <repstopdf --outfile=pumaDos020-eps-converted-t
o.pdf pumaDos020.eps>
(epstopdf)             \includegraphics on input line 798.
Package epstopdf Info: Output file is already uptodate.

<pumaDos020-eps-converted-to.pdf, id=2891, 497.86pt x 433.62pt>
File: pumaDos020-eps-converted-to.pdf Graphic file (type pdf)

<use pumaDos020-eps-converted-to.pdf>
Package pdftex.def Info: pumaDos020-eps-converted-to.pdf used on input line 798
.
(pdftex.def)             Requested size: 250.24199pt x 217.95412pt.
Package epstopdf Info: Source file: <pumaDos022.eps>
(epstopdf)                    date: 2017-04-15 20:30:15
(epstopdf)                    size: 1055272 bytes
(epstopdf)             Output file: <pumaDos022-eps-converted-to.pdf>
(epstopdf)                    date: 2017-04-15 20:42:12
(epstopdf)                    size: 288879 bytes
(epstopdf)             Command: <repstopdf --outfile=pumaDos022-eps-converted-t
o.pdf pumaDos022.eps>
(epstopdf)             \includegraphics on input line 805.
Package epstopdf Info: Output file is already uptodate.

<pumaDos022-eps-converted-to.pdf, id=2892, 497.86pt x 433.62pt>
File: pumaDos022-eps-converted-to.pdf Graphic file (type pdf)

<use pumaDos022-eps-converted-to.pdf>
Package pdftex.def Info: pumaDos022-eps-converted-to.pdf used on input line 805
.
(pdftex.def)             Requested size: 250.24199pt x 217.95412pt.
Package epstopdf Info: Source file: <pumaDos200.eps>
(epstopdf)                    date: 2017-04-15 20:30:17
(epstopdf)                    size: 1010522 bytes
(epstopdf)             Output file: <pumaDos200-eps-converted-to.pdf>
(epstopdf)                    date: 2017-04-15 20:42:13
(epstopdf)                    size: 236134 bytes
(epstopdf)             Command: <repstopdf --outfile=pumaDos200-eps-converted-t
o.pdf pumaDos200.eps>
(epstopdf)             \includegraphics on input line 812.
Package epstopdf Info: Output file is already uptodate.

<pumaDos200-eps-converted-to.pdf, id=2893, 497.86pt x 433.62pt>
File: pumaDos200-eps-converted-to.pdf Graphic file (type pdf)

<use pumaDos200-eps-converted-to.pdf>
Package pdftex.def Info: pumaDos200-eps-converted-to.pdf used on input line 812
.
(pdftex.def)             Requested size: 250.24199pt x 217.95412pt.
Package epstopdf Info: Source file: <pumaDos202.eps>
(epstopdf)                    date: 2017-04-15 20:30:18
(epstopdf)                    size: 1008597 bytes
(epstopdf)             Output file: <pumaDos202-eps-converted-to.pdf>
(epstopdf)                    date: 2017-04-15 20:42:15
(epstopdf)                    size: 233499 bytes
(epstopdf)             Command: <repstopdf --outfile=pumaDos202-eps-converted-t
o.pdf pumaDos202.eps>
(epstopdf)             \includegraphics on input line 819.
Package epstopdf Info: Output file is already uptodate.

<pumaDos202-eps-converted-to.pdf, id=2894, 497.86pt x 433.62pt>
File: pumaDos202-eps-converted-to.pdf Graphic file (type pdf)

<use pumaDos202-eps-converted-to.pdf>
Package pdftex.def Info: pumaDos202-eps-converted-to.pdf used on input line 819
.
(pdftex.def)             Requested size: 250.24199pt x 217.95412pt.
Package epstopdf Info: Source file: <pumaDos220.eps>
(epstopdf)                    date: 2017-04-15 20:30:20
(epstopdf)                    size: 966563 bytes
(epstopdf)             Output file: <pumaDos220-eps-converted-to.pdf>
(epstopdf)                    date: 2017-04-15 20:42:16
(epstopdf)                    size: 240289 bytes
(epstopdf)             Command: <repstopdf --outfile=pumaDos220-eps-converted-t
o.pdf pumaDos220.eps>
(epstopdf)             \includegraphics on input line 826.
Package epstopdf Info: Output file is already uptodate.

<pumaDos220-eps-converted-to.pdf, id=2895, 497.86pt x 433.62pt>
File: pumaDos220-eps-converted-to.pdf Graphic file (type pdf)

<use pumaDos220-eps-converted-to.pdf>
Package pdftex.def Info: pumaDos220-eps-converted-to.pdf used on input line 826
.
(pdftex.def)             Requested size: 250.24199pt x 217.95412pt.
Package epstopdf Info: Source file: <pumaDos222.eps>
(epstopdf)                    date: 2017-04-15 20:30:21
(epstopdf)                    size: 970911 bytes
(epstopdf)             Output file: <pumaDos222-eps-converted-to.pdf>
(epstopdf)                    date: 2017-04-15 20:42:18
(epstopdf)                    size: 243355 bytes
(epstopdf)             Command: <repstopdf --outfile=pumaDos222-eps-converted-t
o.pdf pumaDos222.eps>
(epstopdf)             \includegraphics on input line 833.
Package epstopdf Info: Output file is already uptodate.

<pumaDos222-eps-converted-to.pdf, id=2896, 497.86pt x 433.62pt>
File: pumaDos222-eps-converted-to.pdf Graphic file (type pdf)

<use pumaDos222-eps-converted-to.pdf>
Package pdftex.def Info: pumaDos222-eps-converted-to.pdf used on input line 833
.
(pdftex.def)             Requested size: 250.24199pt x 217.95412pt.
 [19]
Package epstopdf Info: Source file: <lab5jtraj.eps>
(epstopdf)                    date: 2017-04-16 11:13:58
(epstopdf)                    size: 7996435 bytes
(epstopdf)             Output file: <lab5jtraj-eps-converted-to.pdf>
(epstopdf)                    date: 2017-04-16 12:06:47
(epstopdf)                    size: 286108 bytes
(epstopdf)             Command: <repstopdf --outfile=lab5jtraj-eps-converted-to
.pdf lab5jtraj.eps>
(epstopdf)             \includegraphics on input line 867.
Package epstopdf Info: Output file is already uptodate.

<lab5jtraj-eps-converted-to.pdf, id=2901, 1107.13625pt x 592.2125pt>
File: lab5jtraj-eps-converted-to.pdf Graphic file (type pdf)

<use lab5jtraj-eps-converted-to.pdf>
Package pdftex.def Info: lab5jtraj-eps-converted-to.pdf used on input line 867.

(pdftex.def)             Requested size: 250.24199pt x 133.85654pt.
 [20 <./puma000-eps-converted-to.pdf>]
Package epstopdf Info: Source file: <lab5ctraj.eps>
(epstopdf)                    date: 2017-04-16 12:14:19
(epstopdf)                    size: 24402400 bytes
(epstopdf)             Output file: <lab5ctraj-eps-converted-to.pdf>
(epstopdf)                    date: 2017-04-16 12:15:15
(epstopdf)                    size: 350510 bytes
(epstopdf)             Command: <repstopdf --outfile=lab5ctraj-eps-converted-to
.pdf lab5ctraj.eps>
(epstopdf)             \includegraphics on input line 900.
Package epstopdf Info: Output file is already uptodate.

<lab5ctraj-eps-converted-to.pdf, id=3475, 1850.915pt x 1021.8175pt>
File: lab5ctraj-eps-converted-to.pdf Graphic file (type pdf)

<use lab5ctraj-eps-converted-to.pdf>
Package pdftex.def Info: lab5ctraj-eps-converted-to.pdf used on input line 900.

(pdftex.def)             Requested size: 250.24199pt x 138.1421pt.
 [21 <./puma002-eps-converted-to.pdf>]
[22 <./puma020-eps-converted-to.pdf> <./puma022-eps-converted-to.pdf>] [23 <./p
uma200-eps-converted-to.pdf> <./puma202-eps-converted-to.pdf>] [24 <./puma220-e
ps-converted-to.pdf> <./puma222-eps-converted-to.pdf>] [25 <./pumaDos000-eps-co
nverted-to.pdf> <./pumaDos002-eps-converted-to.pdf>] [26 <./pumaDos020-eps-conv
erted-to.pdf> <./pumaDos022-eps-converted-to.pdf>] [27 <./pumaDos200-eps-conver
ted-to.pdf> <./pumaDos202-eps-converted-to.pdf>] [28 <./pumaDos220-eps-converte
d-to.pdf> <./pumaDos222-eps-converted-to.pdf> <./lab5jtraj-eps-converted-to.pdf
>] [29 <./lab5ctraj-eps-converted-to.pdf>] (./practica.aux
LaTeX Info: Redefining \. on input line 6.
LaTeX Info: Redefining \% on input line 6.
) ) 
Here is how much of TeX's memory you used:
 5761 strings out of 494447
 77400 string characters out of 6166766
 356209 words of memory out of 5000000
 9011 multiletter control sequences out of 15000+600000
 8877 words of font info for 32 fonts, out of 8000000 for 9000
 319 hyphenation exceptions out of 8191
 38i,9n,40p,303b,1657s stack positions out of 5000i,500n,10000p,200000b,80000s
</usr/local/texlive/2016basic/texmf-dist/fonts/type1/public/amsfonts/cm/cmbx
10.pfb></usr/local/texlive/2016basic/texmf-dist/fonts/type1/public/amsfonts/cm/
cmbx12.pfb></usr/local/texlive/2016basic/texmf-dist/fonts/type1/public/amsfonts
/cm/cmex10.pfb></usr/local/texlive/2016basic/texmf-dist/fonts/type1/public/amsf
onts/cm/cmmi10.pfb></usr/local/texlive/2016basic/texmf-dist/fonts/type1/public/
amsfonts/cm/cmmi12.pfb></usr/local/texlive/2016basic/texmf-dist/fonts/type1/pub
lic/amsfonts/cm/cmmi5.pfb></usr/local/texlive/2016basic/texmf-dist/fonts/type1/
public/amsfonts/cm/cmmi7.pfb></usr/local/texlive/2016basic/texmf-dist/fonts/typ
e1/public/amsfonts/cm/cmmi8.pfb></usr/local/texlive/2016basic/texmf-dist/fonts/
type1/public/amsfonts/cm/cmr10.pfb></usr/local/texlive/2016basic/texmf-dist/fon
ts/type1/public/amsfonts/cm/cmr12.pfb></usr/local/texlive/2016basic/texmf-dist/
fonts/type1/public/amsfonts/cm/cmr17.pfb></usr/local/texlive/2016basic/texmf-di
st/fonts/type1/public/amsfonts/cm/cmr5.pfb></usr/local/texlive/2016basic/texmf-
dist/fonts/type1/public/amsfonts/cm/cmr7.pfb></usr/local/texlive/2016basic/texm
f-dist/fonts/type1/public/amsfonts/cm/cmr9.pfb></usr/local/texlive/2016basic/te
xmf-dist/fonts/type1/public/amsfonts/cm/cmsy10.pfb></usr/local/texlive/2016basi
c/texmf-dist/fonts/type1/public/amsfonts/cm/cmsy7.pfb></usr/local/texlive/2016b
asic/texmf-dist/fonts/type1/public/amsfonts/cm/cmti10.pfb></usr/local/texlive/2
016basic/texmf-dist/fonts/type1/public/amsfonts/cm/cmtt10.pfb></usr/local/texli
ve/2016basic/texmf-dist/fonts/type1/public/amsfonts/cm/cmtt12.pfb>
Output written on practica.pdf (29 pages, 7748838 bytes).
PDF statistics:
 11357 PDF objects out of 12825 (max. 8388607)
 224 compressed objects within 3 object streams
 0 named destinations out of 1000 (max. 500000)
 136 words of extra memory for PDF output out of 10000 (max. 10000000)

